2023-12-26 00:07:45 | INFO    | __main__:stash:131 | run - {'image': '20231121', 'version': '0.10.1.post2', 'role': 'EpicPlayer', 'headless': True}
2023-12-26 00:07:53 | INFO    | __main__:claim_epic_games:97 | Try to flush cookie - {'task': 'claim_epic_games'}
2023-12-26 00:07:56 | INFO    | epic_games.agent:_login:237 | login-with-email - {'url': 'https://www.epicgames.com/id/login?lang=en-US&noHostRedirect=true&redirectUrl=https://store.epicgames.com/en-US/free-games'}
2023-12-26 00:08:00 | DEBUG    | epic_games.agent:insert_challenge:215 | Attack challenge - {'stage': 'email_exists_prod'}
2023-12-26 00:08:00 | DEBUG    | hcaptcha_challenger.agents.playwright.control:_parse_label:241 | get task - {'prompt': 'Please click on all images of the heaviest animal species'}
2023-12-26 00:08:01 | DEBUG    | hcaptcha_challenger.agents.playwright.control:_catch_all_binary_challenge:474 | handle task - {'unsupervised': 'binary', 'candidate_labels': ['This is a picture that looks like please click on all images of the heaviest animal species.', "This is a picture that don't look like please click on all images of the heaviest animal species."], 'prompt': 'Please click on all images of the heaviest animal species', 'timit': '0.976s'}
2023-12-26 00:08:10 | DEBUG    | epic_games.agent:insert_challenge:218 | Parse result - {'stage': 'email_exists_prod', 'result': <Status.CHALLENGE_RETRY: 'retry'>}
2023-12-26 00:08:14 | DEBUG    | hcaptcha_challenger.agents.playwright.control:_parse_label:241 | get task - {'prompt': 'Please click on all images of the heaviest animal species'}
2023-12-26 00:08:14 | DEBUG    | hcaptcha_challenger.agents.playwright.control:_catch_all_binary_challenge:474 | handle task - {'unsupervised': 'binary', 'candidate_labels': ['This is a picture that looks like please click on all images of the heaviest animal species.', "This is a picture that don't look like please click on all images of the heaviest animal species."], 'prompt': 'Please click on all images of the heaviest animal species', 'timit': '0.737s'}
2023-12-26 00:08:25 | DEBUG    | epic_games.agent:insert_challenge:218 | Parse result - {'stage': 'email_exists_prod', 'result': <Status.CHALLENGE_RETRY: 'retry'>}
2023-12-26 00:08:28 | DEBUG    | hcaptcha_challenger.agents.playwright.control:_parse_label:241 | get task - {'prompt': 'Please click on all images of the heaviest animal species'}
2023-12-26 00:08:29 | DEBUG    | hcaptcha_challenger.agents.playwright.control:_catch_all_binary_challenge:474 | handle task - {'unsupervised': 'binary', 'candidate_labels': ['This is a picture that looks like please click on all images of the heaviest animal species.', "This is a picture that don't look like please click on all images of the heaviest animal species."], 'prompt': 'Please click on all images of the heaviest animal species', 'timit': '0.703s'}
2023-12-26 00:08:43 | DEBUG    | epic_games.agent:insert_challenge:218 | Parse result - {'stage': 'email_exists_prod', 'result': <Status.CHALLENGE_RETRY: 'retry'>}
2023-12-26 00:08:47 | DEBUG    | hcaptcha_challenger.agents.playwright.control:_parse_label:241 | get task - {'prompt': 'Please click on all images of the heaviest animal species'}
2023-12-26 00:08:48 | DEBUG    | hcaptcha_challenger.agents.playwright.control:_catch_all_binary_challenge:474 | handle task - {'unsupervised': 'binary', 'candidate_labels': ['This is a picture that looks like please click on all images of the heaviest animal species.', "This is a picture that don't look like please click on all images of the heaviest animal species."], 'prompt': 'Please click on all images of the heaviest animal species', 'timit': '0.686s'}
2023-12-26 00:08:57 | DEBUG    | epic_games.agent:insert_challenge:218 | Parse result - {'stage': 'email_exists_prod', 'result': <Status.CHALLENGE_RETRY: 'retry'>}
2023-12-26 00:09:00 | DEBUG    | hcaptcha_challenger.agents.playwright.control:_parse_label:241 | get task - {'prompt': 'Please click on all images of the heaviest animal species'}
2023-12-26 00:09:01 | DEBUG    | hcaptcha_challenger.agents.playwright.control:_catch_all_binary_challenge:474 | handle task - {'unsupervised': 'binary', 'candidate_labels': ['This is a picture that looks like please click on all images of the heaviest animal species.', "This is a picture that don't look like please click on all images of the heaviest animal species."], 'prompt': 'Please click on all images of the heaviest animal species', 'timit': '0.695s'}
2023-12-26 00:09:10 | DEBUG    | epic_games.agent:insert_challenge:218 | Parse result - {'stage': 'email_exists_prod', 'result': <Status.CHALLENGE_RETRY: 'retry'>}
2023-12-26 00:09:14 | DEBUG    | hcaptcha_challenger.agents.playwright.control:_parse_label:241 | get task - {'prompt': 'Please click on all images of the heaviest animal species'}
2023-12-26 00:09:15 | DEBUG    | hcaptcha_challenger.agents.playwright.control:_catch_all_binary_challenge:474 | handle task - {'unsupervised': 'binary', 'candidate_labels': ['This is a picture that looks like please click on all images of the heaviest animal species.', "This is a picture that don't look like please click on all images of the heaviest animal species."], 'prompt': 'Please click on all images of the heaviest animal species', 'timit': '0.691s'}
2023-12-26 00:09:24 | DEBUG    | epic_games.agent:insert_challenge:218 | Parse result - {'stage': 'email_exists_prod', 'result': <Status.CHALLENGE_RETRY: 'retry'>}
2023-12-26 00:09:28 | DEBUG    | hcaptcha_challenger.agents.playwright.control:_parse_label:241 | get task - {'prompt': 'Please click on all images of the heaviest animal species'}
2023-12-26 00:09:29 | DEBUG    | hcaptcha_challenger.agents.playwright.control:_catch_all_binary_challenge:474 | handle task - {'unsupervised': 'binary', 'candidate_labels': ['This is a picture that looks like please click on all images of the heaviest animal species.', "This is a picture that don't look like please click on all images of the heaviest animal species."], 'prompt': 'Please click on all images of the heaviest animal species', 'timit': '0.650s'}
2023-12-26 00:09:46 | DEBUG    | epic_games.agent:insert_challenge:218 | Parse result - {'stage': 'email_exists_prod', 'result': <Status.CHALLENGE_RETRY: 'retry'>}
2023-12-26 00:09:53 | DEBUG    | hcaptcha_challenger.agents.playwright.control:_parse_label:241 | get task - {'prompt': 'Please click on all images of the heaviest animal species'}
2023-12-26 00:09:54 | DEBUG    | hcaptcha_challenger.agents.playwright.control:_catch_all_binary_challenge:474 | handle task - {'unsupervised': 'binary', 'candidate_labels': ['This is a picture that looks like please click on all images of the heaviest animal species.', "This is a picture that don't look like please click on all images of the heaviest animal species."], 'prompt': 'Please click on all images of the heaviest animal species', 'timit': '0.677s'}
2023-12-26 00:10:06 | DEBUG    | epic_games.agent:insert_challenge:218 | Parse result - {'stage': 'email_exists_prod', 'result': <Status.CHALLENGE_RETRY: 'retry'>}
2023-12-26 00:10:12 | DEBUG    | hcaptcha_challenger.agents.playwright.control:_parse_label:241 | get task - {'prompt': 'Please click on all images of the heaviest animal species'}
2023-12-26 00:10:12 | DEBUG    | hcaptcha_challenger.agents.playwright.control:_catch_all_binary_challenge:474 | handle task - {'unsupervised': 'binary', 'candidate_labels': ['This is a picture that looks like please click on all images of the heaviest animal species.', "This is a picture that don't look like please click on all images of the heaviest animal species."], 'prompt': 'Please click on all images of the heaviest animal species', 'timit': '0.659s'}
2023-12-26 00:10:26 | DEBUG    | epic_games.agent:insert_challenge:218 | Parse result - {'stage': 'email_exists_prod', 'result': <Status.CHALLENGE_RETRY: 'retry'>}
2023-12-26 00:10:29 | DEBUG    | hcaptcha_challenger.agents.playwright.control:_parse_label:241 | get task - {'prompt': 'Please click on all images of the heaviest animal species'}
2023-12-26 00:10:30 | DEBUG    | hcaptcha_challenger.agents.playwright.control:_catch_all_binary_challenge:474 | handle task - {'unsupervised': 'binary', 'candidate_labels': ['This is a picture that looks like please click on all images of the heaviest animal species.', "This is a picture that don't look like please click on all images of the heaviest animal species."], 'prompt': 'Please click on all images of the heaviest animal species', 'timit': '0.671s'}
2023-12-26 00:10:40 | DEBUG    | epic_games.agent:insert_challenge:218 | Parse result - {'stage': 'email_exists_prod', 'result': <Status.CHALLENGE_RETRY: 'retry'>}
2023-12-26 00:10:44 | DEBUG    | hcaptcha_challenger.agents.playwright.control:_parse_label:241 | get task - {'prompt': 'Please click on all images of the heaviest animal species'}
2023-12-26 00:10:45 | DEBUG    | hcaptcha_challenger.agents.playwright.control:_catch_all_binary_challenge:474 | handle task - {'unsupervised': 'binary', 'candidate_labels': ['This is a picture that looks like please click on all images of the heaviest animal species.', "This is a picture that don't look like please click on all images of the heaviest animal species."], 'prompt': 'Please click on all images of the heaviest animal species', 'timit': '0.690s'}
2023-12-26 00:10:54 | DEBUG    | epic_games.agent:insert_challenge:218 | Parse result - {'stage': 'email_exists_prod', 'result': <Status.CHALLENGE_RETRY: 'retry'>}
2023-12-26 00:10:56 | DEBUG    | hcaptcha_challenger.agents.playwright.control:_parse_label:241 | get task - {'prompt': 'Please click on all images of the heaviest animal species'}
2023-12-26 00:10:57 | DEBUG    | hcaptcha_challenger.agents.playwright.control:_catch_all_binary_challenge:474 | handle task - {'unsupervised': 'binary', 'candidate_labels': ['This is a picture that looks like please click on all images of the heaviest animal species.', "This is a picture that don't look like please click on all images of the heaviest animal species."], 'prompt': 'Please click on all images of the heaviest animal species', 'timit': '0.658s'}
2023-12-26 00:11:08 | DEBUG    | epic_games.agent:insert_challenge:218 | Parse result - {'stage': 'email_exists_prod', 'result': <Status.CHALLENGE_RETRY: 'retry'>}
2023-12-26 00:11:11 | DEBUG    | hcaptcha_challenger.agents.playwright.control:_parse_label:241 | get task - {'prompt': 'Please click on all images of the heaviest animal species'}
2023-12-26 00:11:11 | DEBUG    | hcaptcha_challenger.agents.playwright.control:_catch_all_binary_challenge:474 | handle task - {'unsupervised': 'binary', 'candidate_labels': ['This is a picture that looks like please click on all images of the heaviest animal species.', "This is a picture that don't look like please click on all images of the heaviest animal species."], 'prompt': 'Please click on all images of the heaviest animal species', 'timit': '0.745s'}
2023-12-26 00:11:20 | DEBUG    | epic_games.agent:insert_challenge:218 | Parse result - {'stage': 'email_exists_prod', 'result': <Status.CHALLENGE_RETRY: 'retry'>}
2023-12-26 00:11:23 | DEBUG    | hcaptcha_challenger.agents.playwright.control:_parse_label:241 | get task - {'prompt': 'Please click on all images of the heaviest animal species'}
2023-12-26 00:11:24 | DEBUG    | hcaptcha_challenger.agents.playwright.control:_catch_all_binary_challenge:474 | handle task - {'unsupervised': 'binary', 'candidate_labels': ['This is a picture that looks like please click on all images of the heaviest animal species.', "This is a picture that don't look like please click on all images of the heaviest animal species."], 'prompt': 'Please click on all images of the heaviest animal species', 'timit': '0.671s'}
2023-12-26 00:11:38 | DEBUG    | epic_games.agent:insert_challenge:218 | Parse result - {'stage': 'email_exists_prod', 'result': <Status.CHALLENGE_RETRY: 'retry'>}
2023-12-26 00:11:41 | DEBUG    | hcaptcha_challenger.agents.playwright.control:_parse_label:241 | get task - {'prompt': 'Please click on all images of the heaviest animal species'}
2023-12-26 00:11:42 | DEBUG    | hcaptcha_challenger.agents.playwright.control:_catch_all_binary_challenge:474 | handle task - {'unsupervised': 'binary', 'candidate_labels': ['This is a picture that looks like please click on all images of the heaviest animal species.', "This is a picture that don't look like please click on all images of the heaviest animal species."], 'prompt': 'Please click on all images of the heaviest animal species', 'timit': '0.725s'}
2023-12-26 00:11:52 | DEBUG    | epic_games.agent:insert_challenge:218 | Parse result - {'stage': 'email_exists_prod', 'result': <Status.CHALLENGE_RETRY: 'retry'>}
2023-12-26 00:12:22 | WARNING    | epic_games.agent:authorize:266 | 执行超时 - {'task': 'authorize', 'retry': 0}
2023-12-26 00:12:24 | INFO    | epic_games.agent:_login:237 | login-with-email - {'url': 'https://www.epicgames.com/id/login?lang=en-US&noHostRedirect=true&redirectUrl=https://store.epicgames.com/en-US/free-games'}
2023-12-26 00:12:29 | DEBUG    | epic_games.agent:insert_challenge:215 | Attack challenge - {'stage': 'email_exists_prod'}
2023-12-26 00:12:29 | DEBUG    | hcaptcha_challenger.agents.playwright.control:_parse_label:241 | get task - {'prompt': 'Please click on all images of the heaviest animal species'}
2023-12-26 00:12:29 | DEBUG    | hcaptcha_challenger.agents.playwright.control:_catch_all_binary_challenge:474 | handle task - {'unsupervised': 'binary', 'candidate_labels': ['This is a picture that looks like please click on all images of the heaviest animal species.', "This is a picture that don't look like please click on all images of the heaviest animal species."], 'prompt': 'Please click on all images of the heaviest animal species', 'timit': '0.708s'}
2023-12-26 00:12:39 | DEBUG    | epic_games.agent:insert_challenge:218 | Parse result - {'stage': 'email_exists_prod', 'result': <Status.CHALLENGE_RETRY: 'retry'>}
2023-12-26 00:12:42 | DEBUG    | hcaptcha_challenger.agents.playwright.control:_parse_label:241 | get task - {'prompt': 'Please click on all images of the heaviest animal species'}
2023-12-26 00:12:42 | DEBUG    | hcaptcha_challenger.agents.playwright.control:_catch_all_binary_challenge:474 | handle task - {'unsupervised': 'binary', 'candidate_labels': ['This is a picture that looks like please click on all images of the heaviest animal species.', "This is a picture that don't look like please click on all images of the heaviest animal species."], 'prompt': 'Please click on all images of the heaviest animal species', 'timit': '0.686s'}
2023-12-26 00:12:54 | DEBUG    | epic_games.agent:insert_challenge:218 | Parse result - {'stage': 'email_exists_prod', 'result': <Status.CHALLENGE_RETRY: 'retry'>}
2023-12-26 00:12:58 | DEBUG    | hcaptcha_challenger.agents.playwright.control:_parse_label:241 | get task - {'prompt': 'Please click on all images of the heaviest animal species'}
2023-12-26 00:12:58 | DEBUG    | hcaptcha_challenger.agents.playwright.control:_catch_all_binary_challenge:474 | handle task - {'unsupervised': 'binary', 'candidate_labels': ['This is a picture that looks like please click on all images of the heaviest animal species.', "This is a picture that don't look like please click on all images of the heaviest animal species."], 'prompt': 'Please click on all images of the heaviest animal species', 'timit': '0.691s'}
2023-12-26 00:13:10 | DEBUG    | epic_games.agent:insert_challenge:218 | Parse result - {'stage': 'email_exists_prod', 'result': <Status.CHALLENGE_RETRY: 'retry'>}
2023-12-26 00:13:14 | DEBUG    | hcaptcha_challenger.agents.playwright.control:_parse_label:241 | get task - {'prompt': 'Please click on all images of the heaviest animal species'}
2023-12-26 00:13:15 | DEBUG    | hcaptcha_challenger.agents.playwright.control:_catch_all_binary_challenge:474 | handle task - {'unsupervised': 'binary', 'candidate_labels': ['This is a picture that looks like please click on all images of the heaviest animal species.', "This is a picture that don't look like please click on all images of the heaviest animal species."], 'prompt': 'Please click on all images of the heaviest animal species', 'timit': '0.745s'}
2023-12-26 00:13:29 | DEBUG    | epic_games.agent:insert_challenge:218 | Parse result - {'stage': 'email_exists_prod', 'result': <Status.CHALLENGE_RETRY: 'retry'>}
2023-12-26 00:13:32 | DEBUG    | hcaptcha_challenger.agents.playwright.control:_parse_label:241 | get task - {'prompt': 'Please click on all images of the heaviest animal species'}
2023-12-26 00:13:33 | DEBUG    | hcaptcha_challenger.agents.playwright.control:_catch_all_binary_challenge:474 | handle task - {'unsupervised': 'binary', 'candidate_labels': ['This is a picture that looks like please click on all images of the heaviest animal species.', "This is a picture that don't look like please click on all images of the heaviest animal species."], 'prompt': 'Please click on all images of the heaviest animal species', 'timit': '0.700s'}
2023-12-26 00:13:44 | DEBUG    | epic_games.agent:insert_challenge:218 | Parse result - {'stage': 'email_exists_prod', 'result': <Status.CHALLENGE_RETRY: 'retry'>}
2023-12-26 00:13:46 | DEBUG    | hcaptcha_challenger.agents.playwright.control:_parse_label:241 | get task - {'prompt': 'Please click on all images of the heaviest animal species'}
2023-12-26 00:13:47 | DEBUG    | hcaptcha_challenger.agents.playwright.control:_catch_all_binary_challenge:474 | handle task - {'unsupervised': 'binary', 'candidate_labels': ['This is a picture that looks like please click on all images of the heaviest animal species.', "This is a picture that don't look like please click on all images of the heaviest animal species."], 'prompt': 'Please click on all images of the heaviest animal species', 'timit': '0.707s'}
2023-12-26 00:13:59 | DEBUG    | epic_games.agent:insert_challenge:218 | Parse result - {'stage': 'email_exists_prod', 'result': <Status.CHALLENGE_RETRY: 'retry'>}
2023-12-26 00:14:02 | DEBUG    | hcaptcha_challenger.agents.playwright.control:_parse_label:241 | get task - {'prompt': 'Please click on all images of the heaviest animal species'}
2023-12-26 00:14:03 | DEBUG    | hcaptcha_challenger.agents.playwright.control:_catch_all_binary_challenge:474 | handle task - {'unsupervised': 'binary', 'candidate_labels': ['This is a picture that looks like please click on all images of the heaviest animal species.', "This is a picture that don't look like please click on all images of the heaviest animal species."], 'prompt': 'Please click on all images of the heaviest animal species', 'timit': '0.678s'}
2023-12-26 00:14:14 | DEBUG    | epic_games.agent:insert_challenge:218 | Parse result - {'stage': 'email_exists_prod', 'result': <Status.CHALLENGE_RETRY: 'retry'>}
2023-12-26 00:14:18 | DEBUG    | hcaptcha_challenger.agents.playwright.control:_parse_label:241 | get task - {'prompt': 'Please click on all images of the heaviest animal species'}
2023-12-26 00:14:19 | DEBUG    | hcaptcha_challenger.agents.playwright.control:_catch_all_binary_challenge:474 | handle task - {'unsupervised': 'binary', 'candidate_labels': ['This is a picture that looks like please click on all images of the heaviest animal species.', "This is a picture that don't look like please click on all images of the heaviest animal species."], 'prompt': 'Please click on all images of the heaviest animal species', 'timit': '0.682s'}
2023-12-26 00:14:31 | DEBUG    | epic_games.agent:insert_challenge:218 | Parse result - {'stage': 'email_exists_prod', 'result': <Status.CHALLENGE_RETRY: 'retry'>}
2023-12-26 00:14:36 | DEBUG    | hcaptcha_challenger.agents.playwright.control:_parse_label:241 | get task - {'prompt': 'Please click on all images containing a musical instrument'}
2023-12-26 00:14:36 | DEBUG    | hcaptcha_challenger.agents.playwright.control:_match_model:251 | handle task - {'match_model': 'resnet', 'prompt': 'Please click on all images containing a musical instrument'}
2023-12-26 00:14:39 | DEBUG    | epic_games.agent:insert_challenge:218 | Parse result - {'stage': 'email_exists_prod', 'result': <Status.CHALLENGE_RETRY: 'retry'>}
2023-12-26 00:14:46 | DEBUG    | hcaptcha_challenger.agents.playwright.control:_parse_label:241 | get task - {'prompt': 'Please click on all images of the heaviest animal species'}
2023-12-26 00:14:47 | DEBUG    | hcaptcha_challenger.agents.playwright.control:_catch_all_binary_challenge:474 | handle task - {'unsupervised': 'binary', 'candidate_labels': ['This is a picture that looks like please click on all images of the heaviest animal species.', "This is a picture that don't look like please click on all images of the heaviest animal species."], 'prompt': 'Please click on all images of the heaviest animal species', 'timit': '0.668s'}
2023-12-26 00:14:59 | DEBUG    | epic_games.agent:insert_challenge:218 | Parse result - {'stage': 'email_exists_prod', 'result': <Status.CHALLENGE_RETRY: 'retry'>}
2023-12-26 00:15:03 | DEBUG    | hcaptcha_challenger.agents.playwright.control:_parse_label:241 | get task - {'prompt': 'Please click on all images of the heaviest animal species'}
2023-12-26 00:15:04 | DEBUG    | hcaptcha_challenger.agents.playwright.control:_catch_all_binary_challenge:474 | handle task - {'unsupervised': 'binary', 'candidate_labels': ['This is a picture that looks like please click on all images of the heaviest animal species.', "This is a picture that don't look like please click on all images of the heaviest animal species."], 'prompt': 'Please click on all images of the heaviest animal species', 'timit': '0.713s'}
2023-12-26 00:15:13 | DEBUG    | epic_games.agent:insert_challenge:218 | Parse result - {'stage': 'email_exists_prod', 'result': <Status.CHALLENGE_RETRY: 'retry'>}
2023-12-26 00:15:19 | DEBUG    | hcaptcha_challenger.agents.playwright.control:_parse_label:241 | get task - {'prompt': 'Please click on all images of the heaviest animal species'}
2023-12-26 00:15:20 | DEBUG    | hcaptcha_challenger.agents.playwright.control:_catch_all_binary_challenge:474 | handle task - {'unsupervised': 'binary', 'candidate_labels': ['This is a picture that looks like please click on all images of the heaviest animal species.', "This is a picture that don't look like please click on all images of the heaviest animal species."], 'prompt': 'Please click on all images of the heaviest animal species', 'timit': '0.696s'}
2023-12-26 00:15:32 | DEBUG    | epic_games.agent:insert_challenge:218 | Parse result - {'stage': 'email_exists_prod', 'result': <Status.CHALLENGE_RETRY: 'retry'>}
2023-12-26 00:15:36 | DEBUG    | hcaptcha_challenger.agents.playwright.control:_parse_label:241 | get task - {'prompt': 'Please click on all images of the heaviest animal species'}
2023-12-26 00:15:37 | DEBUG    | hcaptcha_challenger.agents.playwright.control:_catch_all_binary_challenge:474 | handle task - {'unsupervised': 'binary', 'candidate_labels': ['This is a picture that looks like please click on all images of the heaviest animal species.', "This is a picture that don't look like please click on all images of the heaviest animal species."], 'prompt': 'Please click on all images of the heaviest animal species', 'timit': '0.684s'}
2023-12-26 00:15:47 | DEBUG    | epic_games.agent:insert_challenge:218 | Parse result - {'stage': 'email_exists_prod', 'result': <Status.CHALLENGE_RETRY: 'retry'>}
2023-12-26 00:15:50 | DEBUG    | hcaptcha_challenger.agents.playwright.control:_parse_label:241 | get task - {'prompt': 'Please click on all images of the heaviest animal species'}
2023-12-26 00:15:51 | DEBUG    | hcaptcha_challenger.agents.playwright.control:_catch_all_binary_challenge:474 | handle task - {'unsupervised': 'binary', 'candidate_labels': ['This is a picture that looks like please click on all images of the heaviest animal species.', "This is a picture that don't look like please click on all images of the heaviest animal species."], 'prompt': 'Please click on all images of the heaviest animal species', 'timit': '0.700s'}
2023-12-26 00:16:07 | DEBUG    | epic_games.agent:insert_challenge:218 | Parse result - {'stage': 'email_exists_prod', 'result': <Status.CHALLENGE_RETRY: 'retry'>}
2023-12-26 00:16:10 | DEBUG    | hcaptcha_challenger.agents.playwright.control:_parse_label:241 | get task - {'prompt': 'Please click on all images of the heaviest animal species'}
2023-12-26 00:16:10 | DEBUG    | hcaptcha_challenger.agents.playwright.control:_catch_all_binary_challenge:474 | handle task - {'unsupervised': 'binary', 'candidate_labels': ['This is a picture that looks like please click on all images of the heaviest animal species.', "This is a picture that don't look like please click on all images of the heaviest animal species."], 'prompt': 'Please click on all images of the heaviest animal species', 'timit': '0.674s'}
2023-12-26 00:16:22 | DEBUG    | epic_games.agent:insert_challenge:218 | Parse result - {'stage': 'email_exists_prod', 'result': <Status.CHALLENGE_RETRY: 'retry'>}
2023-12-26 00:16:52 | WARNING    | epic_games.agent:authorize:266 | 执行超时 - {'task': 'authorize', 'retry': 1}
2023-12-26 00:16:54 | INFO    | epic_games.agent:_login:237 | login-with-email - {'url': 'https://www.epicgames.com/id/login?lang=en-US&noHostRedirect=true&redirectUrl=https://store.epicgames.com/en-US/free-games'}
2023-12-26 00:16:58 | DEBUG    | epic_games.agent:insert_challenge:215 | Attack challenge - {'stage': 'email_exists_prod'}
2023-12-26 00:16:58 | DEBUG    | hcaptcha_challenger.agents.playwright.control:_parse_label:241 | get task - {'prompt': 'Please click on all images of the heaviest animal species'}
2023-12-26 00:16:59 | DEBUG    | hcaptcha_challenger.agents.playwright.control:_catch_all_binary_challenge:474 | handle task - {'unsupervised': 'binary', 'candidate_labels': ['This is a picture that looks like please click on all images of the heaviest animal species.', "This is a picture that don't look like please click on all images of the heaviest animal species."], 'prompt': 'Please click on all images of the heaviest animal species', 'timit': '0.687s'}
2023-12-26 00:17:16 | DEBUG    | epic_games.agent:insert_challenge:218 | Parse result - {'stage': 'email_exists_prod', 'result': <Status.CHALLENGE_RETRY: 'retry'>}
2023-12-26 00:17:18 | DEBUG    | hcaptcha_challenger.agents.playwright.control:_parse_label:241 | get task - {'prompt': 'Please click on all images of the heaviest animal species'}
2023-12-26 00:17:19 | DEBUG    | hcaptcha_challenger.agents.playwright.control:_catch_all_binary_challenge:474 | handle task - {'unsupervised': 'binary', 'candidate_labels': ['This is a picture that looks like please click on all images of the heaviest animal species.', "This is a picture that don't look like please click on all images of the heaviest animal species."], 'prompt': 'Please click on all images of the heaviest animal species', 'timit': '0.694s'}
2023-12-26 00:17:30 | DEBUG    | epic_games.agent:insert_challenge:218 | Parse result - {'stage': 'email_exists_prod', 'result': <Status.CHALLENGE_RETRY: 'retry'>}
2023-12-26 00:17:35 | DEBUG    | hcaptcha_challenger.agents.playwright.control:_parse_label:241 | get task - {'prompt': 'Please click on all images of the heaviest animal species'}
2023-12-26 00:17:36 | DEBUG    | hcaptcha_challenger.agents.playwright.control:_catch_all_binary_challenge:474 | handle task - {'unsupervised': 'binary', 'candidate_labels': ['This is a picture that looks like please click on all images of the heaviest animal species.', "This is a picture that don't look like please click on all images of the heaviest animal species."], 'prompt': 'Please click on all images of the heaviest animal species', 'timit': '0.680s'}
2023-12-26 00:17:47 | DEBUG    | epic_games.agent:insert_challenge:218 | Parse result - {'stage': 'email_exists_prod', 'result': <Status.CHALLENGE_RETRY: 'retry'>}
2023-12-26 00:17:50 | DEBUG    | hcaptcha_challenger.agents.playwright.control:_parse_label:241 | get task - {'prompt': 'Please click on all images of the heaviest animal species'}
2023-12-26 00:17:51 | DEBUG    | hcaptcha_challenger.agents.playwright.control:_catch_all_binary_challenge:474 | handle task - {'unsupervised': 'binary', 'candidate_labels': ['This is a picture that looks like please click on all images of the heaviest animal species.', "This is a picture that don't look like please click on all images of the heaviest animal species."], 'prompt': 'Please click on all images of the heaviest animal species', 'timit': '0.667s'}
